Watching for file changes with StatReloader
Not Found: /
[14/Jul/2026 18:28:30] "GET / HTTP/1.1" 404 2937
Not Found: /favicon.ico
[14/Jul/2026 18:28:30] "GET /favicon.ico HTTP/1.1" 404 2988
Method Not Allowed: /mpesa/initiate
[14/Jul/2026 18:28:47] "GET /mpesa/initiate HTTP/1.1" 405 42
Not Found: /favicon.ico
[14/Jul/2026 18:28:47] "GET /favicon.ico HTTP/1.1" 404 2988
Not Found: /mpesa/spushtk
[14/Jul/2026 18:28:58] "GET /mpesa/spushtk HTTP/1.1" 404 2994
Internal Server Error: /mpesa/callback
Traceback (most recent call last):
  File "/home/redux/Projects/virtualenv/lib/python3.13/site-packages/django/core/handlers/exception.py", line 55, in inner
    response = get_response(request)
  File "/home/redux/Projects/virtualenv/lib/python3.13/site-packages/django/core/handlers/base.py", line 205, in _get_response
    self.check_response(response, callback)
    ~~~~~~~~~~~~~~~~~~~^^^^^^^^^^^^^^^^^^^^
  File "/home/redux/Projects/virtualenv/lib/python3.13/site-packages/django/core/handlers/base.py", line 333, in check_response
    raise ValueError(
    ...<2 lines>...
    )
ValueError: The view api_pes.views.mpesa_callback didn't return an HttpResponse object. It returned None instead.
[14/Jul/2026 18:29:08] "GET /mpesa/callback HTTP/1.1" 500 69620
/home/redux/Projects/api_pesa/api_pesa/settings.py changed, reloading.
Performing system checks...

System check identified no issues (0 silenced).
July 14, 2026 - 18:26:53
Django version 6.0.6, using settings 'api_pesa.settings'
Starting development server at http://127.0.0.1:8000/
Quit the server with CONTROL-C.

WARNING: This is a development server. Do not use it in a production setting. Use a production WSGI or ASGI server instead.
For more information on production servers see: https://docs.djangoproject.com/en/6.0/howto/deployment/
Traceback (most recent call last):
  File "/home/redux/Projects/virtualenv/lib/python3.13/site-packages/environ/environ.py", line 520, in get_value
    value = self.ENVIRON[var_name]
            ~~~~~~~~~~~~^^^^^^^^^^
  File "<frozen os>", line 717, in __getitem__
KeyError: 'MPESA_ENVIRONMENT'

The above exception was the direct cause of the following exception:

Traceback (most recent call last):
  File "/home/redux/Projects/api_pesa/manage.py", line 22, in <module>
    main()
    ~~~~^^
  File "/home/redux/Projects/api_pesa/manage.py", line 18, in main
    execute_from_command_line(sys.argv)
    ~~~~~~~~~~~~~~~~~~~~~~~~~^^^^^^^^^^
  File "/home/redux/Projects/virtualenv/lib/python3.13/site-packages/django/core/management/__init__.py", line 443, in execute_from_command_line
    utility.execute()
    ~~~~~~~~~~~~~~~^^
  File "/home/redux/Projects/virtualenv/lib/python3.13/site-packages/django/core/management/__init__.py", line 437, in execute
    self.fetch_command(subcommand).run_from_argv(self.argv)
    ~~~~~~~~~~~~~~~~~~~~~~~~~~~~~~~~~~~~~~~~~~~~^^^^^^^^^^^
  File "/home/redux/Projects/virtualenv/lib/python3.13/site-packages/django/core/management/base.py", line 420, in run_from_argv
    self.execute(*args, **cmd_options)
    ~~~~~~~~~~~~^^^^^^^^^^^^^^^^^^^^^^
  File "/home/redux/Projects/virtualenv/lib/python3.13/site-packages/django/core/management/commands/runserver.py", line 69, in execute
    super().execute(*args, **options)
    ~~~~~~~~~~~~~~~^^^^^^^^^^^^^^^^^^
  File "/home/redux/Projects/virtualenv/lib/python3.13/site-packages/django/core/management/base.py", line 464, in execute
    output = self.handle(*args, **options)
  File "/home/redux/Projects/virtualenv/lib/python3.13/site-packages/django/core/management/commands/runserver.py", line 80, in handle
    if not settings.DEBUG and not settings.ALLOWED_HOSTS:
           ^^^^^^^^^^^^^^
  File "/home/redux/Projects/virtualenv/lib/python3.13/site-packages/django/conf/__init__.py", line 75, in __getattr__
    self._setup(name)
    ~~~~~~~~~~~^^^^^^
  File "/home/redux/Projects/virtualenv/lib/python3.13/site-packages/django/conf/__init__.py", line 62, in _setup
    self._wrapped = Settings(settings_module)
                    ~~~~~~~~^^^^^^^^^^^^^^^^^
  File "/home/redux/Projects/virtualenv/lib/python3.13/site-packages/django/conf/__init__.py", line 162, in __init__
    mod = importlib.import_module(self.SETTINGS_MODULE)
  File "/usr/lib/python3.13/importlib/__init__.py", line 88, in import_module
    return _bootstrap._gcd_import(name[level:], package, level)
           ~~~~~~~~~~~~~~~~~~~~~~^^^^^^^^^^^^^^^^^^^^^^^^^^^^^^
  File "<frozen importlib._bootstrap>", line 1387, in _gcd_import
  File "<frozen importlib._bootstrap>", line 1360, in _find_and_load
  File "<frozen importlib._bootstrap>", line 1331, in _find_and_load_unlocked
  File "<frozen importlib._bootstrap>", line 935, in _load_unlocked
  File "<frozen importlib._bootstrap_external>", line 1026, in exec_module
  File "<frozen importlib._bootstrap>", line 488, in _call_with_frames_removed
  File "/home/redux/Projects/api_pesa/api_pesa/settings.py", line 24, in <module>
    MPESA_ENVIRONMENT = env("MPESA_ENVIRONMENT")
  File "/home/redux/Projects/virtualenv/lib/python3.13/site-packages/environ/environ.py", line 250, in __call__
    return self.get_value(
           ~~~~~~~~~~~~~~^
        var,
        ^^^^
    ...<2 lines>...
        parse_default=parse_default
        ^^^^^^^^^^^^^^^^^^^^^^^^^^^
    )
    ^
  File "/home/redux/Projects/virtualenv/lib/python3.13/site-packages/environ/environ.py", line 524, in get_value
    raise ImproperlyConfigured(error_msg) from exc
django.core.exceptions.ImproperlyConfigured: Set the MPESA_ENVIRONMENT environment variable
Traceback (most recent call last):
  File "/home/redux/Projects/virtualenv/lib/python3.13/site-packages/environ/environ.py", line 520, in get_value
    value = self.ENVIRON[var_name]
            ~~~~~~~~~~~~^^^^^^^^^^
  File "<frozen os>", line 717, in __getitem__
KeyError: 'MPESA_ENVIRONMENT'

The above exception was the direct cause of the following exception:

Traceback (most recent call last):
  File "/home/redux/Projects/api_pesa/manage.py", line 22, in <module>
    main()
    ~~~~^^
  File "/home/redux/Projects/api_pesa/manage.py", line 18, in main
    execute_from_command_line(sys.argv)
    ~~~~~~~~~~~~~~~~~~~~~~~~~^^^^^^^^^^
  File "/home/redux/Projects/virtualenv/lib/python3.13/site-packages/django/core/management/__init__.py", line 443, in execute_from_command_line
    utility.execute()
    ~~~~~~~~~~~~~~~^^
  File "/home/redux/Projects/virtualenv/lib/python3.13/site-packages/django/core/management/__init__.py", line 437, in execute
    self.fetch_command(subcommand).run_from_argv(self.argv)
    ~~~~~~~~~~~~~~~~~~~~~~~~~~~~~~~~~~~~~~~~~~~~^^^^^^^^^^^
  File "/home/redux/Projects/virtualenv/lib/python3.13/site-packages/django/core/management/base.py", line 420, in run_from_argv
    self.execute(*args, **cmd_options)
    ~~~~~~~~~~~~^^^^^^^^^^^^^^^^^^^^^^
  File "/home/redux/Projects/virtualenv/lib/python3.13/site-packages/django/core/management/commands/runserver.py", line 69, in execute
    super().execute(*args, **options)
    ~~~~~~~~~~~~~~~^^^^^^^^^^^^^^^^^^
  File "/home/redux/Projects/virtualenv/lib/python3.13/site-packages/django/core/management/base.py", line 464, in execute
    output = self.handle(*args, **options)
  File "/home/redux/Projects/virtualenv/lib/python3.13/site-packages/django/core/management/commands/runserver.py", line 80, in handle
    if not settings.DEBUG and not settings.ALLOWED_HOSTS:
           ^^^^^^^^^^^^^^
  File "/home/redux/Projects/virtualenv/lib/python3.13/site-packages/django/conf/__init__.py", line 75, in __getattr__
    self._setup(name)
    ~~~~~~~~~~~^^^^^^
  File "/home/redux/Projects/virtualenv/lib/python3.13/site-packages/django/conf/__init__.py", line 62, in _setup
    self._wrapped = Settings(settings_module)
                    ~~~~~~~~^^^^^^^^^^^^^^^^^
  File "/home/redux/Projects/virtualenv/lib/python3.13/site-packages/django/conf/__init__.py", line 162, in __init__
    mod = importlib.import_module(self.SETTINGS_MODULE)
  File "/usr/lib/python3.13/importlib/__init__.py", line 88, in import_module
    return _bootstrap._gcd_import(name[level:], package, level)
           ~~~~~~~~~~~~~~~~~~~~~~^^^^^^^^^^^^^^^^^^^^^^^^^^^^^^
  File "<frozen importlib._bootstrap>", line 1387, in _gcd_import
  File "<frozen importlib._bootstrap>", line 1360, in _find_and_load
  File "<frozen importlib._bootstrap>", line 1331, in _find_and_load_unlocked
  File "<frozen importlib._bootstrap>", line 935, in _load_unlocked
  File "<frozen importlib._bootstrap_external>", line 1026, in exec_module
  File "<frozen importlib._bootstrap>", line 488, in _call_with_frames_removed
  File "/home/redux/Projects/api_pesa/api_pesa/settings.py", line 24, in <module>
    MPESA_ENVIRONMENT = env("MPESA_ENVIRONMENT"),
                        ~~~^^^^^^^^^^^^^^^^^^^^^
  File "/home/redux/Projects/virtualenv/lib/python3.13/site-packages/environ/environ.py", line 250, in __call__
    return self.get_value(
           ~~~~~~~~~~~~~~^
        var,
        ^^^^
    ...<2 lines>...
        parse_default=parse_default
        ^^^^^^^^^^^^^^^^^^^^^^^^^^^
    )
    ^
  File "/home/redux/Projects/virtualenv/lib/python3.13/site-packages/environ/environ.py", line 524, in get_value
    raise ImproperlyConfigured(error_msg) from exc
django.core.exceptions.ImproperlyConfigured: Set the MPESA_ENVIRONMENT environment variable
